{"C:\\Users\\enzotironi\\Programming\\clean-node-api\\src\\presentation\\errors\\index.js": {"path":"C:\\Users\\enzotironi\\Programming\\clean-node-api\\src\\presentation\\errors\\index.js","all":false,"statementMap":{"0":{"start":{"line":1,"column":0},"end":{"line":1,"column":58}},"1":{"start":{"line":2,"column":0},"end":{"line":2,"column":58}},"2":{"start":{"line":3,"column":0},"end":{"line":3,"column":45}},"3":{"start":{"line":4,"column":0},"end":{"line":4,"column":57}},"4":{"start":{"line":5,"column":0},"end":{"line":5,"column":0}},"5":{"start":{"line":6,"column":0},"end":{"line":6,"column":18}},"6":{"start":{"line":7,"column":0},"end":{"line":7,"column":20}},"7":{"start":{"line":8,"column":0},"end":{"line":8,"column":20}},"8":{"start":{"line":9,"column":0},"end":{"line":9,"column":14}},"9":{"start":{"line":10,"column":0},"end":{"line":10,"column":19}},"10":{"start":{"line":11,"column":0},"end":{"line":11,"column":1}}},"s":{"0":1,"1":1,"2":1,"3":1,"4":1,"5":1,"6":1,"7":1,"8":1,"9":1,"10":1},"branchMap":{},"b":{},"fnMap":{},"f":{}}
,"C:\\Users\\enzotironi\\Programming\\clean-node-api\\src\\presentation\\errors\\invalid-param-error.js": {"path":"C:\\Users\\enzotironi\\Programming\\clean-node-api\\src\\presentation\\errors\\invalid-param-error.js","all":false,"statementMap":{"0":{"start":{"line":1,"column":0},"end":{"line":1,"column":56}},"1":{"start":{"line":2,"column":0},"end":{"line":2,"column":27}},"2":{"start":{"line":3,"column":0},"end":{"line":3,"column":40}},"3":{"start":{"line":4,"column":0},"end":{"line":4,"column":35}},"4":{"start":{"line":5,"column":0},"end":{"line":5,"column":3}},"5":{"start":{"line":6,"column":0},"end":{"line":6,"column":1}}},"s":{"0":1,"1":1,"2":2,"3":2,"4":2,"5":1},"branchMap":{"0":{"type":"branch","line":2,"loc":{"start":{"line":2,"column":2},"end":{"line":5,"column":3}},"locations":[{"start":{"line":2,"column":2},"end":{"line":5,"column":3}}]}},"b":{"0":[2]},"fnMap":{"0":{"name":"InvalidParamError","decl":{"start":{"line":2,"column":2},"end":{"line":5,"column":3}},"loc":{"start":{"line":2,"column":2},"end":{"line":5,"column":3}},"line":2}},"f":{"0":2}}
,"C:\\Users\\enzotironi\\Programming\\clean-node-api\\src\\presentation\\errors\\missing-param-error.js": {"path":"C:\\Users\\enzotironi\\Programming\\clean-node-api\\src\\presentation\\errors\\missing-param-error.js","all":false,"statementMap":{"0":{"start":{"line":1,"column":0},"end":{"line":1,"column":56}},"1":{"start":{"line":2,"column":0},"end":{"line":2,"column":27}},"2":{"start":{"line":3,"column":0},"end":{"line":3,"column":40}},"3":{"start":{"line":4,"column":0},"end":{"line":4,"column":35}},"4":{"start":{"line":5,"column":0},"end":{"line":5,"column":3}},"5":{"start":{"line":6,"column":0},"end":{"line":6,"column":1}}},"s":{"0":1,"1":1,"2":4,"3":4,"4":4,"5":1},"branchMap":{"0":{"type":"branch","line":2,"loc":{"start":{"line":2,"column":2},"end":{"line":5,"column":3}},"locations":[{"start":{"line":2,"column":2},"end":{"line":5,"column":3}}]}},"b":{"0":[4]},"fnMap":{"0":{"name":"MissingParamError","decl":{"start":{"line":2,"column":2},"end":{"line":5,"column":3}},"loc":{"start":{"line":2,"column":2},"end":{"line":5,"column":3}},"line":2}},"f":{"0":4}}
,"C:\\Users\\enzotironi\\Programming\\clean-node-api\\src\\presentation\\errors\\server-error.js": {"path":"C:\\Users\\enzotironi\\Programming\\clean-node-api\\src\\presentation\\errors\\server-error.js","all":false,"statementMap":{"0":{"start":{"line":1,"column":0},"end":{"line":1,"column":50}},"1":{"start":{"line":2,"column":0},"end":{"line":2,"column":27}},"2":{"start":{"line":3,"column":0},"end":{"line":3,"column":52}},"3":{"start":{"line":4,"column":0},"end":{"line":4,"column":29}},"4":{"start":{"line":5,"column":0},"end":{"line":5,"column":3}},"5":{"start":{"line":6,"column":0},"end":{"line":6,"column":1}}},"s":{"0":1,"1":1,"2":14,"3":14,"4":14,"5":1},"branchMap":{"0":{"type":"branch","line":2,"loc":{"start":{"line":2,"column":2},"end":{"line":5,"column":3}},"locations":[{"start":{"line":2,"column":2},"end":{"line":5,"column":3}}]}},"b":{"0":[14]},"fnMap":{"0":{"name":"ServerError","decl":{"start":{"line":2,"column":2},"end":{"line":5,"column":3}},"loc":{"start":{"line":2,"column":2},"end":{"line":5,"column":3}},"line":2}},"f":{"0":14}}
,"C:\\Users\\enzotironi\\Programming\\clean-node-api\\src\\presentation\\errors\\unauthorized-error.js": {"path":"C:\\Users\\enzotironi\\Programming\\clean-node-api\\src\\presentation\\errors\\unauthorized-error.js","all":false,"statementMap":{"0":{"start":{"line":1,"column":0},"end":{"line":1,"column":56}},"1":{"start":{"line":2,"column":0},"end":{"line":2,"column":27}},"2":{"start":{"line":3,"column":0},"end":{"line":3,"column":25}},"3":{"start":{"line":4,"column":0},"end":{"line":4,"column":35}},"4":{"start":{"line":5,"column":0},"end":{"line":5,"column":3}},"5":{"start":{"line":6,"column":0},"end":{"line":6,"column":1}}},"s":{"0":1,"1":1,"2":2,"3":2,"4":2,"5":1},"branchMap":{"0":{"type":"branch","line":2,"loc":{"start":{"line":2,"column":2},"end":{"line":5,"column":3}},"locations":[{"start":{"line":2,"column":2},"end":{"line":5,"column":3}}]}},"b":{"0":[2]},"fnMap":{"0":{"name":"UnauthorizedError","decl":{"start":{"line":2,"column":2},"end":{"line":5,"column":3}},"loc":{"start":{"line":2,"column":2},"end":{"line":5,"column":3}},"line":2}},"f":{"0":2}}
,"C:\\Users\\enzotironi\\Programming\\clean-node-api\\src\\presentation\\helpers\\http-response.js": {"path":"C:\\Users\\enzotironi\\Programming\\clean-node-api\\src\\presentation\\helpers\\http-response.js","all":false,"statementMap":{"0":{"start":{"line":1,"column":0},"end":{"line":1,"column":63}},"1":{"start":{"line":2,"column":0},"end":{"line":2,"column":0}},"2":{"start":{"line":3,"column":0},"end":{"line":3,"column":37}},"3":{"start":{"line":4,"column":0},"end":{"line":4,"column":20}},"4":{"start":{"line":5,"column":0},"end":{"line":5,"column":12}},"5":{"start":{"line":6,"column":0},"end":{"line":6,"column":22}},"6":{"start":{"line":7,"column":0},"end":{"line":7,"column":16}},"7":{"start":{"line":8,"column":0},"end":{"line":8,"column":5}},"8":{"start":{"line":9,"column":0},"end":{"line":9,"column":3}},"9":{"start":{"line":10,"column":0},"end":{"line":10,"column":0}},"10":{"start":{"line":11,"column":0},"end":{"line":11,"column":29}},"11":{"start":{"line":12,"column":0},"end":{"line":12,"column":12}},"12":{"start":{"line":13,"column":0},"end":{"line":13,"column":22}},"13":{"start":{"line":14,"column":0},"end":{"line":14,"column":17}},"14":{"start":{"line":15,"column":0},"end":{"line":15,"column":5}},"15":{"start":{"line":16,"column":0},"end":{"line":16,"column":3}},"16":{"start":{"line":17,"column":0},"end":{"line":17,"column":0}},"17":{"start":{"line":18,"column":0},"end":{"line":18,"column":25}},"18":{"start":{"line":19,"column":0},"end":{"line":19,"column":12}},"19":{"start":{"line":20,"column":0},"end":{"line":20,"column":22}},"20":{"start":{"line":21,"column":0},"end":{"line":21,"column":29}},"21":{"start":{"line":22,"column":0},"end":{"line":22,"column":5}},"22":{"start":{"line":23,"column":0},"end":{"line":23,"column":3}},"23":{"start":{"line":24,"column":0},"end":{"line":24,"column":0}},"24":{"start":{"line":25,"column":0},"end":{"line":25,"column":31}},"25":{"start":{"line":26,"column":0},"end":{"line":26,"column":12}},"26":{"start":{"line":27,"column":0},"end":{"line":27,"column":22}},"27":{"start":{"line":28,"column":0},"end":{"line":28,"column":35}},"28":{"start":{"line":29,"column":0},"end":{"line":29,"column":5}},"29":{"start":{"line":30,"column":0},"end":{"line":30,"column":3}},"30":{"start":{"line":31,"column":0},"end":{"line":31,"column":1}}},"s":{"0":1,"1":1,"2":1,"3":1,"4":3,"5":3,"6":3,"7":3,"8":3,"9":1,"10":1,"11":3,"12":3,"13":3,"14":3,"15":3,"16":1,"17":1,"18":8,"19":8,"20":8,"21":8,"22":8,"23":1,"24":1,"25":1,"26":1,"27":1,"28":1,"29":1,"30":1},"branchMap":{"0":{"type":"branch","line":4,"loc":{"start":{"line":4,"column":9},"end":{"line":9,"column":3}},"locations":[{"start":{"line":4,"column":9},"end":{"line":9,"column":3}}]},"1":{"type":"branch","line":11,"loc":{"start":{"line":11,"column":9},"end":{"line":16,"column":3}},"locations":[{"start":{"line":11,"column":9},"end":{"line":16,"column":3}}]},"2":{"type":"branch","line":18,"loc":{"start":{"line":18,"column":9},"end":{"line":23,"column":3}},"locations":[{"start":{"line":18,"column":9},"end":{"line":23,"column":3}}]},"3":{"type":"branch","line":25,"loc":{"start":{"line":25,"column":9},"end":{"line":30,"column":3}},"locations":[{"start":{"line":25,"column":9},"end":{"line":30,"column":3}}]}},"b":{"0":[3],"1":[3],"2":[8],"3":[1]},"fnMap":{"0":{"name":"ok","decl":{"start":{"line":4,"column":9},"end":{"line":9,"column":3}},"loc":{"start":{"line":4,"column":9},"end":{"line":9,"column":3}},"line":4},"1":{"name":"badRequest","decl":{"start":{"line":11,"column":9},"end":{"line":16,"column":3}},"loc":{"start":{"line":11,"column":9},"end":{"line":16,"column":3}},"line":11},"2":{"name":"serverError","decl":{"start":{"line":18,"column":9},"end":{"line":23,"column":3}},"loc":{"start":{"line":18,"column":9},"end":{"line":23,"column":3}},"line":18},"3":{"name":"unauthorizedError","decl":{"start":{"line":25,"column":9},"end":{"line":30,"column":3}},"loc":{"start":{"line":25,"column":9},"end":{"line":30,"column":3}},"line":25}},"f":{"0":3,"1":3,"2":8,"3":1}}
,"C:\\Users\\enzotironi\\Programming\\clean-node-api\\src\\presentation\\routers\\login-router.js": {"path":"C:\\Users\\enzotironi\\Programming\\clean-node-api\\src\\presentation\\routers\\login-router.js","all":false,"statementMap":{"0":{"start":{"line":1,"column":0},"end":{"line":1,"column":56}},"1":{"start":{"line":2,"column":0},"end":{"line":2,"column":69}},"2":{"start":{"line":3,"column":0},"end":{"line":3,"column":0}},"3":{"start":{"line":4,"column":0},"end":{"line":4,"column":36}},"4":{"start":{"line":5,"column":0},"end":{"line":5,"column":45}},"5":{"start":{"line":6,"column":0},"end":{"line":6,"column":34}},"6":{"start":{"line":7,"column":0},"end":{"line":7,"column":40}},"7":{"start":{"line":8,"column":0},"end":{"line":8,"column":3}},"8":{"start":{"line":9,"column":0},"end":{"line":9,"column":0}},"9":{"start":{"line":10,"column":0},"end":{"line":10,"column":29}},"10":{"start":{"line":11,"column":0},"end":{"line":11,"column":94}},"11":{"start":{"line":12,"column":0},"end":{"line":12,"column":72}},"12":{"start":{"line":13,"column":0},"end":{"line":13,"column":8}},"13":{"start":{"line":14,"column":0},"end":{"line":14,"column":9}},"14":{"start":{"line":15,"column":0},"end":{"line":15,"column":50}},"15":{"start":{"line":16,"column":0},"end":{"line":16,"column":19}},"16":{"start":{"line":17,"column":0},"end":{"line":17,"column":70}},"17":{"start":{"line":18,"column":0},"end":{"line":18,"column":7}},"18":{"start":{"line":19,"column":0},"end":{"line":19,"column":0}},"19":{"start":{"line":20,"column":0},"end":{"line":20,"column":48}},"20":{"start":{"line":21,"column":0},"end":{"line":21,"column":70}},"21":{"start":{"line":22,"column":0},"end":{"line":22,"column":7}},"22":{"start":{"line":23,"column":0},"end":{"line":23,"column":0}},"23":{"start":{"line":24,"column":0},"end":{"line":24,"column":22}},"24":{"start":{"line":25,"column":0},"end":{"line":25,"column":73}},"25":{"start":{"line":26,"column":0},"end":{"line":26,"column":7}},"26":{"start":{"line":27,"column":0},"end":{"line":27,"column":0}},"27":{"start":{"line":28,"column":0},"end":{"line":28,"column":70}},"28":{"start":{"line":29,"column":0},"end":{"line":29,"column":25}},"29":{"start":{"line":30,"column":0},"end":{"line":30,"column":47}},"30":{"start":{"line":31,"column":0},"end":{"line":31,"column":7}},"31":{"start":{"line":32,"column":0},"end":{"line":32,"column":45}},"32":{"start":{"line":33,"column":0},"end":{"line":33,"column":21}},"33":{"start":{"line":34,"column":0},"end":{"line":34,"column":39}},"34":{"start":{"line":35,"column":0},"end":{"line":35,"column":5}},"35":{"start":{"line":36,"column":0},"end":{"line":36,"column":3}},"36":{"start":{"line":37,"column":0},"end":{"line":37,"column":1}}},"s":{"0":1,"1":1,"2":1,"3":1,"4":1,"5":15,"6":15,"7":15,"8":1,"9":1,"10":15,"11":15,"12":15,"13":15,"14":15,"15":15,"16":1,"17":1,"18":15,"19":15,"20":1,"21":1,"22":15,"23":15,"24":1,"25":1,"26":4,"27":4,"28":15,"29":1,"30":1,"31":3,"32":15,"33":8,"34":8,"35":15,"36":1},"branchMap":{"0":{"type":"branch","line":5,"loc":{"start":{"line":5,"column":2},"end":{"line":8,"column":3}},"locations":[{"start":{"line":5,"column":2},"end":{"line":8,"column":3}}]},"1":{"type":"branch","line":10,"loc":{"start":{"line":10,"column":13},"end":{"line":36,"column":3}},"locations":[{"start":{"line":10,"column":13},"end":{"line":36,"column":3}}]},"2":{"type":"branch","line":16,"loc":{"start":{"line":16,"column":18},"end":{"line":18,"column":7}},"locations":[{"start":{"line":16,"column":18},"end":{"line":18,"column":7}}]},"3":{"type":"branch","line":20,"loc":{"start":{"line":20,"column":47},"end":{"line":22,"column":7}},"locations":[{"start":{"line":20,"column":47},"end":{"line":22,"column":7}}]},"4":{"type":"branch","line":24,"loc":{"start":{"line":24,"column":21},"end":{"line":26,"column":7}},"locations":[{"start":{"line":24,"column":21},"end":{"line":26,"column":7}}]},"5":{"type":"branch","line":27,"loc":{"start":{"line":27,"column":-2},"end":{"line":29,"column":10}},"locations":[{"start":{"line":27,"column":-2},"end":{"line":29,"column":10}}]},"6":{"type":"branch","line":29,"loc":{"start":{"line":29,"column":24},"end":{"line":31,"column":7}},"locations":[{"start":{"line":29,"column":24},"end":{"line":31,"column":7}}]},"7":{"type":"branch","line":32,"loc":{"start":{"line":32,"column":-2},"end":{"line":33,"column":6}},"locations":[{"start":{"line":32,"column":-2},"end":{"line":33,"column":6}}]},"8":{"type":"branch","line":33,"loc":{"start":{"line":33,"column":6},"end":{"line":35,"column":5}},"locations":[{"start":{"line":33,"column":6},"end":{"line":35,"column":5}}]}},"b":{"0":[15],"1":[15],"2":[1],"3":[1],"4":[1],"5":[4],"6":[1],"7":[3],"8":[8]},"fnMap":{"0":{"name":"LoginRouter","decl":{"start":{"line":5,"column":2},"end":{"line":8,"column":3}},"loc":{"start":{"line":5,"column":2},"end":{"line":8,"column":3}},"line":5},"1":{"name":"route","decl":{"start":{"line":10,"column":13},"end":{"line":36,"column":3}},"loc":{"start":{"line":10,"column":13},"end":{"line":36,"column":3}},"line":10}},"f":{"0":15,"1":15}}
}
