TN:
SF:src\presentation\helpers\http-response.js
FN:5,ok
FN:12,badRequest
FN:19,serverError
FN:26,unauthorizedError
FNF:4
FNH:4
FNDA:2,ok
FNDA:3,badRequest
FNDA:7,serverError
FNDA:1,unauthorizedError
DA:1,1
DA:2,1
DA:3,1
DA:4,1
DA:5,1
DA:6,2
DA:7,2
DA:8,2
DA:9,2
DA:10,2
DA:11,1
DA:12,1
DA:13,3
DA:14,3
DA:15,3
DA:16,3
DA:17,3
DA:18,1
DA:19,1
DA:20,7
DA:21,7
DA:22,7
DA:23,7
DA:24,7
DA:25,1
DA:26,1
DA:27,1
DA:28,1
DA:29,1
DA:30,1
DA:31,1
DA:32,1
LF:32
LH:32
BRDA:5,0,0,2
BRDA:12,1,0,3
BRDA:19,2,0,7
BRDA:26,3,0,1
BRF:4
BRH:4
end_of_record
TN:
SF:src\presentation\helpers\invalid-param-error.js
FN:2,InvalidParamError
FNF:1
FNH:1
FNDA:2,InvalidParamError
DA:1,1
DA:2,1
DA:3,2
DA:4,2
DA:5,2
DA:6,1
LF:6
LH:6
BRDA:2,0,0,2
BRF:1
BRH:1
end_of_record
TN:
SF:src\presentation\helpers\missing-param-error.js
FN:2,MissingParamError
FNF:1
FNH:1
FNDA:4,MissingParamError
DA:1,1
DA:2,1
DA:3,4
DA:4,4
DA:5,4
DA:6,1
LF:6
LH:6
BRDA:2,0,0,4
BRF:1
BRH:1
end_of_record
TN:
SF:src\presentation\helpers\server-error.js
FN:2,ServerError
FNF:1
FNH:1
FNDA:13,ServerError
DA:1,1
DA:2,1
DA:3,13
DA:4,13
DA:5,13
DA:6,1
LF:6
LH:6
BRDA:2,0,0,13
BRF:1
BRH:1
end_of_record
TN:
SF:src\presentation\helpers\unauthorized-error.js
FN:2,UnauthorizedError
FNF:1
FNH:1
FNDA:2,UnauthorizedError
DA:1,1
DA:2,1
DA:3,2
DA:4,2
DA:5,2
DA:6,1
LF:6
LH:6
BRDA:2,0,0,2
BRF:1
BRH:1
end_of_record
TN:
SF:src\presentation\routers\login-router.js
FN:6,LoginRouter
FN:11,route
FNF:2
FNH:2
FNDA:13,LoginRouter
FNDA:13,route
DA:1,1
DA:2,1
DA:3,1
DA:4,1
DA:5,1
DA:6,1
DA:7,13
DA:8,13
DA:9,13
DA:10,1
DA:11,1
DA:12,13
DA:13,13
DA:14,13
DA:15,13
DA:16,13
DA:17,13
DA:18,1
DA:19,1
DA:20,10
DA:21,13
DA:22,1
DA:23,1
DA:24,13
DA:25,13
DA:26,1
DA:27,1
DA:28,3
DA:29,3
DA:30,13
DA:31,1
DA:32,1
DA:33,2
DA:34,13
DA:35,7
DA:36,7
DA:37,13
DA:38,1
LF:38
LH:38
BRDA:6,0,0,13
BRDA:11,1,0,13
BRDA:17,2,0,1
BRDA:20,3,0,10
BRDA:21,4,0,1
BRDA:25,5,0,1
BRDA:28,6,0,3
BRDA:30,7,0,1
BRDA:33,8,0,2
BRDA:34,9,0,7
BRF:10
BRH:10
end_of_record
